
=== Sun Nov  1 15:07:35 2020

Packages were changed.
Update Mode: mergeDefaultDependencies

The following packages were added:
  com.unity.collab-proxy@1.2.16
  com.unity.modules.ai@1.0.0
  com.unity.modules.cloth@1.0.0
  com.unity.modules.director@1.0.0
  com.unity.modules.physics2d@1.0.0
  com.unity.modules.terrain@1.0.0
  com.unity.modules.terrainphysics@1.0.0
  com.unity.modules.tilemap@1.0.0
  com.unity.modules.vehicles@1.0.0
  com.unity.modules.vr@1.0.0
  com.unity.modules.wind@1.0.0
  com.unity.modules.xr@1.0.0
  com.unity.timeline@1.2.17
The following packages were updated:
  com.unity.mobile.android-logcat from version 1.1.1 to 1.2.0
  com.unity.test-framework from version 1.1.16 to 1.1.18

=== Sun Nov  1 16:15:04 2020

Packages were changed.
Update Mode: mergeDefaultDependencies

The following packages were added:
  com.unity.ide.visualstudio@2.0.2
  com.unity.render-pipelines.universal@8.2.0
  com.unity.visualeffectgraph@8.2.0
  com.unity.xr.interaction.toolkit@0.9.4-preview
  com.unity.xr.management@3.2.13
  com.unity.xr.oculus@1.3.4
The following packages were updated:
  com.unity.collab-proxy from version 1.2.16 to 1.3.8
  com.unity.ide.rider from version 1.1.4 to 1.2.1
